jn1664
*   373faba Merged branch down into up
|\
| *   f96708f Merged branch merge-1 into down
| |\
| * | 6b870e8 d2
| | | *   947485b Merged up into merge-1
| | | |\
| | |/ /
| |_| /
|/| |
* | | 8a65f19 u2
| |/
|/|
* |   73b51e4 Merged branch down into up
|\ \
| |/
| * 09d8c94 d1
* | 09b2c2d u1
|/
* e9e6d55 Initial commit
jy50
*   b5f4fed final merge
|\  
| *   4b0e034 Merge branch 'master' into b1
| |\  
| * | 14e1730 7th commit (2nd on b1)
* | |   0d4fb7c 8th commit, merge b2 to master
|\ \ \  
| |_|/  
|/| |   
| * | a250348 4th commit (1st on b2)
* | |   041e945 6th commit (4th on maser)
|\ \ \  
| |/ /  
|/| /   
| |/    
| * f0d40d9 2nd commit (1st on b1)
* | f71749e 3rd commit (2nd on master)
|/  
* 7acb826 1st commit (1st on master)
